\BOOKMARK [0][-]{chapter*.1}{Preface}{}% 1
\BOOKMARK [0][-]{chapter.1}{Theorems of Real and Complex Analysis}{}% 2
\BOOKMARK [1][-]{section.1.1}{Calculus of Complex-Valued Functions}{chapter.1}% 3
\BOOKMARK [1][-]{section.1.2}{Three Convergence Theorems}{chapter.1}% 4
\BOOKMARK [1][-]{section.1.3}{Riemann-Lebesgue Lemma}{chapter.1}% 5
\BOOKMARK [1][-]{section.1.4}{Absolute Integrability}{chapter.1}% 6
\BOOKMARK [1][-]{section.1.5}{Fubini's Theorem}{chapter.1}% 7
\BOOKMARK [1][-]{section.1.6}{Leibniz Rule}{chapter.1}% 8
\BOOKMARK [0][-]{chapter.2}{Fourier Series}{}% 9
\BOOKMARK [1][-]{section.2.1}{The Heat Problem}{chapter.2}% 10
\BOOKMARK [1][-]{section.2.2}{Maximum Minimum Priniple}{chapter.2}% 11
\BOOKMARK [1][-]{section.2.3}{The Fourier Problem}{chapter.2}% 12
\BOOKMARK [1][-]{section.2.4}{Dirichlet's Kernel}{chapter.2}% 13
\BOOKMARK [1][-]{section.2.5}{The Representation Problem}{chapter.2}% 14
\BOOKMARK [1][-]{section.2.6}{Dini's Theorem}{chapter.2}% 15
\BOOKMARK [1][-]{section.2.7}{The Heat Problem \(Revisited\)}{chapter.2}% 16
\BOOKMARK [0][-]{chapter.3}{F\351jer's Theorem}{}% 17
\BOOKMARK [1][-]{section.3.1}{Theorems of Abel and Dirichlet}{chapter.3}% 18
\BOOKMARK [1][-]{section.3.2}{Abel and Ces\341ro Sums}{chapter.3}% 19
\BOOKMARK [1][-]{section.3.3}{F\351jer's Kernel}{chapter.3}% 20
\BOOKMARK [1][-]{section.3.4}{F\351jer's Theorem}{chapter.3}% 21
\BOOKMARK [1][-]{section.3.5}{Applications of F\351jer's Theorem}{chapter.3}% 22
\BOOKMARK [1][-]{section.3.6}{F\351jer's Example}{chapter.3}% 23
\BOOKMARK [0][-]{chapter.4}{The Fourier Transform}{}% 24
\BOOKMARK [1][-]{section.4.1}{Inner Product Spaces}{chapter.4}% 25
\BOOKMARK [1][-]{section.4.2}{Metric Spaces}{chapter.4}% 26
\BOOKMARK [1][-]{section.4.3}{Parseval's Theorem}{chapter.4}% 27
\BOOKMARK [1][-]{section.4.4}{Inner Product Space Isomorphisms}{chapter.4}% 28
\BOOKMARK [1][-]{section.4.5}{The Fourier Transform}{chapter.4}% 29
\BOOKMARK [1][-]{section.4.6}{The Fourier Integral Theorem}{chapter.4}% 30
\BOOKMARK [0][-]{chapter.5}{Convolutions}{}% 31
\BOOKMARK [1][-]{section.5.1}{Properties of Convolutions}{chapter.5}% 32
\BOOKMARK [1][-]{section.5.2}{Theorem of Approximation by Convolution}{chapter.5}% 33
\BOOKMARK [1][-]{section.5.3}{The Schwarz Space}{chapter.5}% 34
\BOOKMARK [1][-]{section.5.4}{A Topology for the Schwarz Space}{chapter.5}% 35
