This is pdfTeX, Version 3.1415926-1.40.10 (TeX Live 2009/Debian) (format=latex 2013.12.5)  25 MAR 2014 22:19
entering extended mode
 %&-line parsing enabled.
**"Fourier Analysis.tex"
(./Fourier Analysis.tex
LaTeX2e <2009/09/24>
Babel <v3.8l> and hyphenation patterns for english, usenglishmax, dumylang, noh
yphenation, loaded.
(/usr/share/texmf-texlive/tex/latex/base/book.cls
Document Class: book 2007/10/19 v1.4h Standard LaTeX document class
(/usr/share/texmf-texlive/tex/latex/base/bk12.clo
File: bk12.clo 2007/10/19 v1.4h Standard LaTeX file (size option)
)
\c@part=\count79
\c@chapter=\count80
\c@section=\count81
\c@subsection=\count82
\c@subsubsection=\count83
\c@paragraph=\count84
\c@subparagraph=\count85
\c@figure=\count86
\c@table=\count87
\abovecaptionskip=\skip41
\belowcaptionskip=\skip42
\bibindent=\dimen102
)
(/usr/share/texmf-texlive/tex/latex/amsmath/amsmath.sty
Package: amsmath 2000/07/18 v2.13 AMS math features
\@mathmargin=\skip43

For additional information on amsmath, use the `?' option.
(/usr/share/texmf-texlive/tex/latex/amsmath/amstext.sty
Package: amstext 2000/06/29 v2.01

(/usr/share/texmf-texlive/tex/latex/amsmath/amsgen.sty
File: amsgen.sty 1999/11/30 v2.0
\@emptytoks=\toks14
\ex@=\dimen103
))
(/usr/share/texmf-texlive/tex/latex/amsmath/amsbsy.sty
Package: amsbsy 1999/11/29 v1.2d
\pmbraise@=\dimen104
)
(/usr/share/texmf-texlive/tex/latex/amsmath/amsopn.sty
Package: amsopn 1999/12/14 v2.01 operator names
)
\inf@bad=\count88
LaTeX Info: Redefining \frac on input line 211.
\uproot@=\count89
\leftroot@=\count90
LaTeX Info: Redefining \overline on input line 307.
\classnum@=\count91
\DOTSCASE@=\count92
LaTeX Info: Redefining \ldots on input line 379.
LaTeX Info: Redefining \dots on input line 382.
LaTeX Info: Redefining \cdots on input line 467.
\Mathstrutbox@=\box26
\strutbox@=\box27
\big@size=\dimen105
LaTeX Font Info:    Redeclaring font encoding OML on input line 567.
LaTeX Font Info:    Redeclaring font encoding OMS on input line 568.
\macc@depth=\count93
\c@MaxMatrixCols=\count94
\dotsspace@=\muskip10
\c@parentequation=\count95
\dspbrk@lvl=\count96
\tag@help=\toks15
\row@=\count97
\column@=\count98
\maxfields@=\count99
\andhelp@=\toks16
\eqnshift@=\dimen106
\alignsep@=\dimen107
\tagshift@=\dimen108
\tagwidth@=\dimen109
\totwidth@=\dimen110
\lineht@=\dimen111
\@envbody=\toks17
\multlinegap=\skip44
\multlinetaggap=\skip45
\mathdisplay@stack=\toks18
LaTeX Info: Redefining \[ on input line 2666.
LaTeX Info: Redefining \] on input line 2667.
)
(/usr/share/texmf-texlive/tex/latex/amsfonts/amssymb.sty
Package: amssymb 2009/06/22 v3.00

(/usr/share/texmf-texlive/tex/latex/amsfonts/amsfonts.sty
Package: amsfonts 2009/06/22 v3.00 Basic AMSFonts support
\symAMSa=\mathgroup4
\symAMSb=\mathgroup5
LaTeX Font Info:    Overwriting math alphabet `\mathfrak' in version `bold'
(Font)                  U/euf/m/n --> U/euf/b/n on input line 96.
))
(/usr/share/texmf-texlive/tex/latex/amscls/amsthm.sty
Package: amsthm 2004/08/06 v2.20
\thm@style=\toks19
\thm@bodyfont=\toks20
\thm@headfont=\toks21
\thm@notefont=\toks22
\thm@headpunct=\toks23
\thm@preskip=\skip46
\thm@postskip=\skip47
\thm@headsep=\skip48
\dth@everypar=\toks24
)
(/usr/share/texmf-texlive/tex/latex/fancyhdr/fancyhdr.sty
\fancy@headwidth=\skip49
\f@ncyO@elh=\skip50
\f@ncyO@erh=\skip51
\f@ncyO@olh=\skip52
\f@ncyO@orh=\skip53
\f@ncyO@elf=\skip54
\f@ncyO@erf=\skip55
\f@ncyO@olf=\skip56
\f@ncyO@orf=\skip57
)
(/usr/share/texmf-texlive/tex/latex/tools/enumerate.sty
Package: enumerate 1999/03/05 v3.00 enumerate extensions (DPC)
\@enLab=\toks25
)
(/home/ashish/texmf/tex/latex/IEEEtrantools/IEEEtrantools.sty
Package: IEEEtrantools 2012/12/27 V1.3 by Michael Shell

-- See the "IEEEtrantools_doc.txt" manual for usage information.
-- http://www.michaelshell.org/tex/ieeetran/tools/
\@IEEEtrantmpdimenA=\dimen112
\@IEEEtrantmpdimenB=\dimen113
\@IEEEtrantmpcountA=\count100
\@IEEEtrantmpcountB=\count101
\@IEEEtrantmptoksA=\toks26
\IEEEnormaljot=\dimen114
\IEEEilabelindentA=\dimen115
\IEEEilabelindentB=\dimen116
\IEEEilabelindent=\dimen117
\IEEEelabelindent=\dimen118
\IEEEdlabelindent=\dimen119
\IEEElabelindent=\dimen120
\IEEEiednormlabelsep=\dimen121
\IEEEiedmathlabelsep=\dimen122
\IEEEiedtopsep=\skip58
\c@IEEEsubequation=\count102
\@IEEEeqnnumcols=\count103
\@IEEEeqncolcnt=\count104
\@IEEEsubeqnnumrollback=\count105
\IEEEPARstartletwidth=\dimen123
) (/home/ashish/texmf/tex/latex/hyperref/hyperref.sty
Package: hyperref 2012/11/06 v6.83m Hypertext links for LaTeX

(/home/ashish/texmf/tex/generic/oberdiek/hobsub-hyperref.sty
Package: hobsub-hyperref 2012/05/28 v1.13 Bundle oberdiek, subset hyperref (HO)


(/home/ashish/texmf/tex/generic/oberdiek/hobsub-generic.sty
Package: hobsub-generic 2012/05/28 v1.13 Bundle oberdiek, subset generic (HO)
Package: hobsub 2012/05/28 v1.13 Construct package bundles (HO)
Package: infwarerr 2010/04/08 v1.3 Providing info/warning/error messages (HO)
Package: ltxcmds 2011/11/09 v1.22 LaTeX kernel commands for general use (HO)
Package: ifluatex 2010/03/01 v1.3 Provides the ifluatex switch (HO)
Package ifluatex Info: LuaTeX not detected.
Package: ifvtex 2010/03/01 v1.5 Detect VTeX and its facilities (HO)
Package ifvtex Info: VTeX not detected.
Package: intcalc 2007/09/27 v1.1 Expandable calculations with integers (HO)
Package: ifpdf 2011/01/30 v2.3 Provides the ifpdf switch (HO)
Package ifpdf Info: pdfTeX in PDF mode is not detected.
Package: etexcmds 2011/02/16 v1.5 Avoid name clashes with e-TeX commands (HO)
Package etexcmds Info: Could not find \expanded.
(etexcmds)             That can mean that you are not using pdfTeX 1.50 or
(etexcmds)             that some package has redefined \expanded.
(etexcmds)             In the latter case, load this package earlier.
Package: kvsetkeys 2012/04/25 v1.16 Key value parser (HO)
Package: kvdefinekeys 2011/04/07 v1.3 Define keys (HO)
Package: pdftexcmds 2011/11/29 v0.20 Utility functions of pdfTeX for LuaTeX (HO
)
Package pdftexcmds Info: LuaTeX not detected.
Package pdftexcmds Info: \pdf@primitive is available.
Package pdftexcmds Info: \pdf@ifprimitive is available.
Package pdftexcmds Info: \pdfdraftmode is ignored in DVI mode.
Package: pdfescape 2011/11/25 v1.13 Implements pdfTeX's escape features (HO)
Package: bigintcalc 2012/04/08 v1.3 Expandable calculations on big integers (HO
)
Package: bitset 2011/01/30 v1.1 Handle bit-vector datatype (HO)
Package: uniquecounter 2011/01/30 v1.2 Provide unlimited unique counter (HO)
)
Package hobsub Info: Skipping package `hobsub' (already loaded).
Package: letltxmacro 2010/09/02 v1.4 Let assignment for LaTeX macros (HO)
Package: hopatch 2012/05/28 v1.2 Wrapper for package hooks (HO)
Package: xcolor-patch 2011/01/30 xcolor patch
Package: atveryend 2011/06/30 v1.8 Hooks at the very end of document (HO)
Package atveryend Info: \enddocument detected (standard).
Package: atbegshi 2011/10/05 v1.16 At begin shipout hook (HO)
Package: refcount 2011/10/16 v3.4 Data extraction from label references (HO)
Package: hycolor 2011/01/30 v1.7 Color options for hyperref/bookmark (HO)
)
(/usr/share/texmf-texlive/tex/latex/graphics/keyval.sty
Package: keyval 1999/03/16 v1.13 key=value parser (DPC)
\KV@toks@=\toks27
)
(/usr/share/texmf-texlive/tex/generic/ifxetex/ifxetex.sty
Package: ifxetex 2009/01/23 v0.5 Provides ifxetex conditional
)
(/home/ashish/texmf/tex/latex/oberdiek/auxhook.sty
Package: auxhook 2011/03/04 v1.3 Hooks for auxiliary files (HO)
)
(/home/ashish/texmf/tex/latex/oberdiek/kvoptions.sty
Package: kvoptions 2011/06/30 v3.11 Key value format for package options (HO)
)
\@linkdim=\dimen124
\Hy@linkcounter=\count106
\Hy@pagecounter=\count107

(/home/ashish/texmf/tex/latex/hyperref/pd1enc.def
File: pd1enc.def 2012/11/06 v6.83m Hyperref: PDFDocEncoding definition (HO)
)
\Hy@SavedSpaceFactor=\count108

(/usr/share/texmf-texlive/tex/latex/latexconfig/hyperref.cfg
File: hyperref.cfg 2002/06/06 v1.2 hyperref configuration of TeXLive
)
Package hyperref Info: Option `bookmarks' set `true' on input line 4319.
Package hyperref Info: Hyper figures OFF on input line 4443.
Package hyperref Info: Link nesting OFF on input line 4448.
Package hyperref Info: Hyper index ON on input line 4451.
Package hyperref Info: Plain pages OFF on input line 4458.
Package hyperref Info: Backreferencing OFF on input line 4463.
Package hyperref Info: Implicit mode ON; LaTeX internals redefined.
Package hyperref Info: Bookmarks ON on input line 4688.
\c@Hy@tempcnt=\count109

(/usr/share/texmf-texlive/tex/latex/ltxmisc/url.sty
\Urlmuskip=\muskip11
Package: url 2006/04/12  ver 3.3  Verb mode for urls, etc.
)
LaTeX Info: Redefining \url on input line 5041.
\XeTeXLinkMargin=\dimen125
\Fld@menulength=\count110
\Field@Width=\dimen126
\Fld@charsize=\dimen127
Package hyperref Info: Hyper figures OFF on input line 6295.
Package hyperref Info: Link nesting OFF on input line 6300.
Package hyperref Info: Hyper index ON on input line 6303.
Package hyperref Info: backreferencing OFF on input line 6310.
Package hyperref Info: Link coloring OFF on input line 6315.
Package hyperref Info: Link coloring with OCG OFF on input line 6320.
Package hyperref Info: PDF/A mode OFF on input line 6325.
LaTeX Info: Redefining \ref on input line 6365.
LaTeX Info: Redefining \pageref on input line 6369.
\Hy@abspage=\count111
\c@Item=\count112
\c@Hfootnote=\count113
)

Package hyperref Message: Driver (default): hdvips.

(/home/ashish/texmf/tex/latex/hyperref/hdvips.def
File: hdvips.def 2012/11/06 v6.83m Hyperref driver for dvips

(/home/ashish/texmf/tex/latex/hyperref/pdfmark.def
File: pdfmark.def 2012/11/06 v6.83m Hyperref definitions for pdfmark specials
\pdf@docset=\toks28
\pdf@box=\box28
\pdf@toks=\toks29
\pdf@defaulttoks=\toks30
\HyField@AnnotCount=\count114
\Fld@listcount=\count115
\c@bookmark@seq@number=\count116

(/home/ashish/texmf/tex/latex/oberdiek/rerunfilecheck.sty
Package: rerunfilecheck 2011/04/15 v1.7 Rerun checks for auxiliary files (HO)
Package uniquecounter Info: New unique counter `rerunfilecheck' on input line 2
82.
)
\Hy@SectionHShift=\skip59
)) (./fourier.sty
Package: fourier 
\c@prop=\count117
)

LaTeX Warning: Unused global option(s):
    [letter].

(./Fourier Analysis.aux (./preface.aux) (./ch1/ch1.aux) (./ch2/ch2.aux)
(./ch3/ch3.aux) (./ch4/ch4.aux) (./ch5/ch5.aux))
\openout1 = `"Fourier Analysis.aux"'.

LaTeX Font Info:    Checking defaults for OML/cmm/m/it on input line 17.
LaTeX Font Info:    ... okay on input line 17.
LaTeX Font Info:    Checking defaults for T1/cmr/m/n on input line 17.
LaTeX Font Info:    ... okay on input line 17.
LaTeX Font Info:    Checking defaults for OT1/cmr/m/n on input line 17.
LaTeX Font Info:    ... okay on input line 17.
LaTeX Font Info:    Checking defaults for OMS/cmsy/m/n on input line 17.
LaTeX Font Info:    ... okay on input line 17.
LaTeX Font Info:    Checking defaults for OMX/cmex/m/n on input line 17.
LaTeX Font Info:    ... okay on input line 17.
LaTeX Font Info:    Checking defaults for U/cmr/m/n on input line 17.
LaTeX Font Info:    ... okay on input line 17.
LaTeX Font Info:    Checking defaults for PD1/pdf/m/n on input line 17.
LaTeX Font Info:    ... okay on input line 17.
\AtBeginShipoutBox=\box29
Package hyperref Info: Link coloring OFF on input line 17.

(/home/ashish/texmf/tex/latex/hyperref/nameref.sty
Package: nameref 2012/10/27 v2.43 Cross-referencing by name of section

(/home/ashish/texmf/tex/generic/oberdiek/gettitlestring.sty
Package: gettitlestring 2010/12/03 v1.4 Cleanup title references (HO)
)
\c@section@level=\count118
)
LaTeX Info: Redefining \ref on input line 17.
LaTeX Info: Redefining \pageref on input line 17.
LaTeX Info: Redefining \nameref on input line 17.

(./Fourier Analysis.out) (./Fourier Analysis.out)
\@outlinefile=\write3
\openout3 = `"Fourier Analysis.out"'.

LaTeX Font Info:    Try loading font information for U+msa on input line 22.

(/usr/share/texmf-texlive/tex/latex/amsfonts/umsa.fd
File: umsa.fd 2009/06/22 v3.00 AMS symbols A
)
LaTeX Font Info:    Try loading font information for U+msb on input line 22.

(/usr/share/texmf-texlive/tex/latex/amsfonts/umsb.fd
File: umsb.fd 2009/06/22 v3.00 AMS symbols B
) [1


] [2

]
\openout2 = `preface.aux'.

 (./preface.tex)
[1


] [2


] (./Fourier Analysis.toc [3])
\tf@toc=\write4
\openout4 = `"Fourier Analysis.toc"'.

 [4]
\openout2 = `ch1/ch1.aux'.

 (./ch1/ch1.tex
Chapter 1.
(./ch1/sec1.tex [1



]

Package Fancyhdr Warning: \headheight is too small (12.5pt): 
 Make it at least 14.49998pt.
 We now make it that large for the rest of the document.
 This may cause the page layout to be inconsistent, however.

[2]
Overfull \hbox (17.30305pt too wide) in paragraph at lines 151--155
[]\OT1/cmr/m/n/12 Suppose $\OML/cmm/m/it/12 f \OT1/cmr/m/n/12 : [\OML/cmm/m/it/
12 a; b\OT1/cmr/m/n/12 ] \OMS/cmsy/m/n/12 !
 []

[3] [4]
Overfull \hbox (4.42184pt too wide) in alignment at lines 232--237
 [] [] [] [][]
 []


Overfull \hbox (14.51906pt too wide) in alignment at lines 242--247
 [] [] [] [][]
 []

[5] [6]) (./ch1/sec2.tex [7] [8] [9] [10]) (./ch1/sec3.tex [11] [12])
(./ch1/sec4.tex [13] [14] [15]

LaTeX Warning: The counter will not be printed.
             The label is:  on input line 174.

[16] [17] [18] [19] [20]) (./ch1/sec5.tex [21] [22]
Overfull \hbox (9.84679pt too wide) in alignment at lines 99--108
 [] [] [] [][]
 []

[23] [24] [25] [26] [27] [28] [29]) (./ch1/sec6.tex [30] [31]
Overfull \hbox (79.17133pt too wide) in alignment at lines 114--127
 [] [] [] [][]
 []

[32] [33] [34] [35] [36])) [37]
\openout2 = `ch2/ch2.aux'.

 (./ch2/ch2.tex [38



]
Chapter 2.
(./ch2/sec1.tex [39] [40] [41] [42]) (./ch2/sec2.tex [43]
Overfull \hbox (5.84436pt too wide) in paragraph at lines 69--72
[][][]\OT1/cmr/bx/n/12 Theorem 2.2.2 \OT1/cmr/m/n/12 (Max-i-mum Min-i-mum Prin-
ci-ple)\OT1/cmr/bx/n/12 . \OT1/cmr/m/n/12 Sup-pose $\OML/cmm/m/it/12 u \OT1/cmr
/m/n/12 : [\OML/cmm/m/it/12 a; b\OT1/cmr/m/n/12 ] \OMS/cmsy/m/n/12 ^^B \OT1/cmr
/m/n/12 [0\OML/cmm/m/it/12 ; \OMS/cmsy/m/n/12 1\OT1/cmr/m/n/12 ) \OMS/cmsy/m/n/
12 !
 []

[44] [45]) (./ch2/sec3.tex
Overfull \hbox (7.84955pt too wide) in paragraph at lines 17--22
\OT1/cmr/m/it/12 Prob-lem\OT1/cmr/m/n/12 : Given $\OML/cmm/m/it/12 f \OT1/cmr/m
/n/12 : \U/msb/m/n/12 R \OMS/cmsy/m/n/12 ! \U/msb/m/n/12 R$ \OT1/cmr/m/n/12 is 
it pos-si-ble to find real num-bers $\OML/cmm/m/it/12 a[]; a[]; b[]; a[]; b[]; 
[]$
 []

[46] [47] [48] [49]
Overfull \hbox (9.33928pt too wide) in alignment at lines 255--264
 [] [] [] [][]
 []

[50]
Overfull \hbox (32.65146pt too wide) in paragraph at lines 290--295
\OT1/cmr/m/n/12 periodic func-tion $\OML/cmm/m/it/12 f \OT1/cmr/m/n/12 : \U/msb
/m/n/12 R \OMS/cmsy/m/n/12 ! \U/msb/m/n/12 C$\OT1/cmr/m/n/12 , do there ex-ist 
com-plex scalars $[] \OML/cmm/m/it/12 ; c[]; c[]; c[]; c[]; c[]; []$
 []

[51] [52] [53]) (./ch2/sec4.tex [54] [55]
Overfull \hbox (14.34833pt too wide) in paragraph at lines 99--103
[]\OT1/cmr/m/n/12 That $\OML/cmm/m/it/12 D[]$ \OT1/cmr/m/n/12 is real-valued, $
\OMS/cmsy/m/n/12 C[]$\OT1/cmr/m/n/12 , $2\OML/cmm/m/it/12 ^^Y$\OT1/cmr/m/n/12 -
periodic, even and sat-is-fies $[] \OMS/cmsy/m/n/12 ^^T
 []

[56]) (./ch2/sec5.tex [57] [58] [59] [60] [61]
Underfull \vbox (badness 2057) has occurred while \output is active []

 [62]
Underfull \vbox (badness 2293) has occurred while \output is active []

 [63]
[64] [65] [66] [67] [68]) (./ch2/sec6.tex [69] [70] [71] [72] [73])
(./ch2/sec7.tex [74] [75]
Underfull \vbox (badness 7433) has occurred while \output is active []

 [76]))
[77]
\openout2 = `ch3/ch3.aux'.

 (./ch3/ch3.tex [78



]
Chapter 3.
(./ch3/sec1.tex [79] [80] [81]

Package amsmath Warning: Foreign command \atopwithdelims;
(amsmath)                \frac or \genfrac should be used instead
(amsmath)                 on input line 190.

[82] [83] [84] [85]
Overfull \hbox (34.2736pt too wide) in alignment at lines 413--424
 [] [] [] [][]
 []

[86] [87]) (./ch3/sec2.tex [88] [89]
Overfull \hbox (47.343pt too wide) in alignment at lines 121--129
 [] [] [] [][]
 []

[90] [91] [92] [93]) (./ch3/sec3.tex [94] [95] [96]) (./ch3/sec4.tex [97]
[98]
Overfull \hbox (68.12648pt too wide) in alignment at lines 103--122
 [] [] [] [][]
 []

[99] [100]
Overfull \hbox (57.50691pt too wide) in alignment at lines 195--212
 [] [] [] [][]
 []

[101]
Underfull \vbox (badness 10000) has occurred while \output is active []

 [102]
[103] [104] [105] [106]
Overfull \hbox (30.33052pt too wide) in paragraph at lines 513--516
\OT1/cmr/bx/n/12 Solution. \OT1/cmr/m/n/12 By The-o-rem [][][][], we can find a
 poly-no-mial $\OML/cmm/m/it/12 p$ \OT1/cmr/m/n/12 such that $[] \OML/cmm/m/it/
12 <
 []

[107]) (./ch3/sec5.tex
Underfull \vbox (badness 1939) has occurred while \output is active []

 [108]
[109]
Overfull \hbox (53.51993pt too wide) detected at line 95
[] \OMS/cmsy/m/n/12 ^^T [] [] [] ^^T \OML/cmm/m/it/12 ^^O=\OT1/cmr/m/n/12 2
 []


Overfull \hbox (25.80139pt too wide) in alignment at lines 97--111
 [] [] [] [][]
 []

[110] [111] [112] [113]) (./ch3/sec6.tex [114] [115] [116] [117] [118]
Overfull \hbox (59.62907pt too wide) in alignment at lines 256--269
 [] [] [] [][]
 []

[119] [120] [121])) [122]
\openout2 = `ch4/ch4.aux'.

 (./ch4/ch4.tex
Chapter 4.
(./ch4/sec1.tex [123



] [124] [125] [126]
Overfull \hbox (32.27074pt too wide) in alignment at lines 258--279
 [] [] [] [][]
 []

[127] [128] [129] [130]) (./ch4/sec2.tex
Overfull \hbox (10.69171pt too wide) in paragraph at lines 11--15
[][][]\OT1/cmr/bx/n/12 Definition 4.2.1. \OT1/cmr/m/n/12 A set $\OML/cmm/m/it/1
2 X$ \OT1/cmr/m/n/12 to-gether with a func-tion $\OML/cmm/m/it/12 d\OT1/cmr/m/n
/12 (\OML/cmm/m/it/12 x; y\OT1/cmr/m/n/12 ) : \OML/cmm/m/it/12 X \OMS/cmsy/m/n/
12 ! \OT1/cmr/m/n/12 [0\OML/cmm/m/it/12 ; \OMS/cmsy/m/n/12 1\OT1/cmr/m/n/12 )\O
ML/cmm/m/it/12 ; x; y \OMS/cmsy/m/n/12 2
 []

[131] [132] [133] [134] [135]) (./ch4/sec3.tex [136]
Overfull \hbox (58.47832pt too wide) in alignment at lines 77--94
 [] [] [] [][]
 []

[137] [138] [139] [140] [141] [142]
Overfull \hbox (104.84052pt too wide) in alignment at lines 403--429
 [] [] [] [][]
 []


Underfull \vbox (badness 3623) has occurred while \output is active []

 [143]
[144]) (./ch4/sec4.tex [145] [146] [147]
Overfull \hbox (30.53969pt too wide) in alignment at lines 177--191
 [] [] [] [][]
 []

[148] [149] [150]
Overfull \hbox (1.81146pt too wide) in alignment at lines 384--397
 [] [] [] [][]
 []


Underfull \vbox (badness 10000) has occurred while \output is active []

 [151])
(./ch4/sec5.tex [152]
Overfull \hbox (33.14034pt too wide) in alignment at lines 45--55
 [] [] [] [][]
 []

[153] [154] [155] [156] [157] [158] [159] [160] [161]) (./ch4/sec6.tex [162]
[163] [164]
Overfull \hbox (74.33223pt too wide) in alignment at lines 157--177
 [] [] [] [][]
 []


Underfull \vbox (badness 10000) has occurred while \output is active []

 [165]
[166])) [167]
\openout2 = `ch5/ch5.aux'.

 (./ch5/ch5.tex [168



]
Chapter 5.
(./ch5/sec1.tex
Overfull \hbox (1.12962pt too wide) in paragraph at lines 32--37
\OT1/cmr/m/n/12 preserving, iso-mor-phism of $\OMS/cmsy/m/n/12 R[]$ \OT1/cmr/m/
n/12 onto it-self. When we say norm-preserving,
 []

[169] [170] [171] [172] [173]) (./ch5/sec2.tex [174]
Overfull \hbox (17.1298pt too wide) in alignment at lines 48--59
 [] [] [] [][]
 []

[175] [176]
Overfull \hbox (23.51538pt too wide) in alignment at lines 140--156
 [] [] [] [][]
 []

[177] [178]) (./ch5/sec3.tex [179] [180]
Overfull \hbox (10.33513pt too wide) in alignment at lines 102--108
 [] [] [] [][]
 []

[181] [182] [183] [184] [185]) (./ch5/sec4.tex [186] [187] [188] [189]
Overfull \hbox (26.39665pt too wide) in alignment at lines 219--231
 [] [] [] [][]
 []


Underfull \vbox (badness 10000) has occurred while \output is active []

 [190]))
[191]
Package atveryend Info: Empty hook `BeforeClearDocument' on input line 71.
Package atveryend Info: Empty hook `AfterLastShipout' on input line 71.
 (./Fourier Analysis.aux (./preface.aux) (./ch1/ch1.aux) (./ch2/ch2.aux)
(./ch3/ch3.aux) (./ch4/ch4.aux) (./ch5/ch5.aux))
Package atveryend Info: Empty hook `AtVeryEndDocument' on input line 71.
Package atveryend Info: Executing hook `AtEndAfterFileList' on input line 71.
Package rerunfilecheck Info: File `"Fourier Analysis".out' has not changed.
(rerunfilecheck)             Checksum: 033730BA0E3B5F9ED32801D221B06C64;2347.
Package atveryend Info: Empty hook `AtVeryVeryEnd' on input line 71.
 ) 
Here is how much of TeX's memory you used:
 6062 strings out of 495062
 86823 string characters out of 1182644
 183803 words of memory out of 3000000
 9091 multiletter control sequences out of 15000+50000
 13401 words of font info for 51 fonts, out of 3000000 for 9000
 28 hyphenation exceptions out of 8191
 34i,14n,43p,444b,723s stack positions out of 5000i,500n,10000p,200000b,50000s

Output written on "Fourier Analysis.dvi" (197 pages, 732644 bytes).
